<?xml version="1.0" encoding="UTF-8"?>
<!-- Generated by org.testng.reporters.JUnitReportReporter -->
<testsuite hostname="Sujal" failures="0" tests="2" name="samplemoovicart.SlidyImage" time="79.776" errors="0" timestamp="22 Dec 2018 08:55:35 GMT" skipped="0">
  <testcase classname="samplemoovicart.SlidyImage" name="login" time="17.342"/>
  <testcase classname="samplemoovicart.SlidyImage" name="syndicatDist" time="62.434"/>
</testsuite> <!-- samplemoovicart.SlidyImage -->
