<?xml version="1.0" encoding="UTF-8"?>
<!-- Generated by org.testng.reporters.JUnitReportReporter -->
<testsuite hostname="Sujal" failures="0" tests="2" name="com.Test.Moovicart.Producer.LoginTest" time="80.548" errors="0" timestamp="23 Dec 2018 23:56:56 GMT" skipped="1">
  <testcase classname="com.Test.Moovicart.Producer.LoginTest" name="loginWithPageFactory" time="80.548"/>
  <testcase classname="com.Test.Moovicart.Producer.LoginTest" name="loginWithoutPageFactory">
    <skipped/>
  </testcase> <!-- loginWithoutPageFactory -->
</testsuite> <!-- com.Test.Moovicart.Producer.LoginTest -->
